/opt/Synopsys/Synplify2015/auxx/gui/dv/dv_setup.tcl
/opt/Synopsys/Synplify2015/auxx/gui/syn/snpsSynProcs.tcl
/opt/Synopsys/Synplify2015/auxx/tcllib/lib/tcl8.5/tm.tcl
/opt/Synopsys/Synplify2015/auxx/tcllib/lib/tcl8.5/package.tcl
/opt/Synopsys/Synplify2015/auxx/gui/syn/layout/pkgIndex.tcl
/opt/Synopsys/Synplify2015/auxx/gui/common/strokes/pkgIndex.tcl
/opt/Synopsys/Synplify2015/auxx/gui/common/schematic/pkgIndex.tcl
/opt/Synopsys/Synplify2015/auxx/gui/common/qtcl/pkgIndex.tcl
/opt/Synopsys/Synplify2015/auxx/gui/common/acg/pkgIndex.tcl
/opt/Synopsys/Synplify2015/auxx/gui/common/setup/pkgIndex.tcl
/opt/Synopsys/Synplify2015/auxx/gui/common/misc/pkgIndex.tcl
/opt/Synopsys/Synplify2015/auxx/gui/common/view/pkgIndex.tcl
/opt/Synopsys/Synplify2015/auxx/gui/common/tq/pkgIndex.tcl
/opt/Synopsys/Synplify2015/auxx/gui/common/regressionToolkit/pkgIndex.tcl
/opt/Synopsys/Synplify2015/auxx/gui/common/select/pkgIndex.tcl
/opt/Synopsys/Synplify2015/auxx/gui/common/tcl-dp/pkgIndex.tcl
/opt/Synopsys/Synplify2015/auxx/gui/common/fanoutviewer/pkgIndex.tcl
/opt/Synopsys/Synplify2015/auxx/gui/common/tiledview/pkgIndex.tcl
/opt/Synopsys/Synplify2015/auxx/gui/common/table/pkgIndex.tcl
/opt/Synopsys/Synplify2015/auxx/gui/common/docBrowser/pkgIndex.tcl
/opt/Synopsys/Synplify2015/auxx/gui/common/pathinspector/pkgIndex.tcl
/opt/Synopsys/Synplify2015/auxx/gui/common/timing/pkgIndex.tcl
/opt/Synopsys/Synplify2015/auxx/gui/common/histogram/pkgIndex.tcl
/opt/Synopsys/Synplify2015/auxx/gui/common/palettegroup/pkgIndex.tcl
/opt/Synopsys/Synplify2015/auxx/gui/common/mrupalette/pkgIndex.tcl
/opt/Synopsys/Synplify2015/auxx/gui/common/dialogs/pkgIndex.tcl
/opt/Synopsys/Synplify2015/auxx/gui/common/opdlg/pkgIndex.tcl
/opt/Synopsys/Synplify2015/auxx/gui/common/layout/pkgIndex.tcl
/opt/Synopsys/Synplify2015/auxx/gui/common/commandform/pkgIndex.tcl
/opt/Synopsys/Synplify2015/auxx/gui/common/libviewer/pkgIndex.tcl
/opt/Synopsys/Synplify2015/auxx/gui/common/WindowFrameWork/pkgIndex.tcl
/opt/Synopsys/Synplify2015/auxx/gui/common/profiler/pkgIndex.tcl
/opt/Synopsys/Synplify2015/auxx/gui/common/highlight/pkgIndex.tcl
/opt/Synopsys/Synplify2015/auxx/gui/common/menus/pkgIndex.tcl
/opt/Synopsys/Synplify2015/auxx/gui/common/hierarchy/pkgIndex.tcl
/opt/Synopsys/Synplify2015/auxx/gui/dv/pkgIndex.tcl
/opt/Synopsys/Synplify2015/auxx/tcllib/snps_tcl/snpsTclPro/pkgIndex.tcl
/opt/Synopsys/Synplify2015/auxx/tcllib/snps_tcl/snpsTest/pkgIndex.tcl
/opt/Synopsys/Synplify2015/auxx/tcllib/snps_tcl/snpsUtils/pkgIndex.tcl
/opt/Synopsys/Synplify2015/auxx/tcllib/snps_tcl/pkgIndex.tcl
/opt/Synopsys/Synplify2015/auxx/tcllib/lib/tcl8.5/http1.0/pkgIndex.tcl
/opt/Synopsys/Synplify2015/auxx/tcllib/lib/tcl8.5/opt/pkgIndex.tcl
/opt/Synopsys/Synplify2015/auxx/tcllib/lib/tcl8.5/msgcat/pkgIndex.tcl
/opt/Synopsys/Synplify2015/auxx/tcllib/lib/tcl8.5/http/pkgIndex.tcl
/opt/Synopsys/Synplify2015/auxx/tcllib/lib/tcl8.5/reg/pkgIndex.tcl
/opt/Synopsys/Synplify2015/auxx/tcllib/lib/tcl8.5/dde/pkgIndex.tcl
/opt/Synopsys/Synplify2015/auxx/tcllib/lib/tcl8.5/platform/pkgIndex.tcl
/opt/Synopsys/Synplify2015/auxx/tcllib/lib/tcl8.5/tcltest/pkgIndex.tcl
/opt/Synopsys/Synplify2015/auxx/gui/common/setup/snpsCommonSetup.tcl
/opt/Synopsys/Synplify2015/auxx/gui/common/setup/snpsCustomize.tcl
/opt/Synopsys/Synplify2015/auxx/gui/common/setup/snpsProcheck.tcl
/opt/Synopsys/Synplify2015/auxx/gui/common/qtcl/.synopsys_qtcl.tcl
/opt/Synopsys/Synplify2015/auxx/gui/common/highlight/highlight.tcl
/opt/Synopsys/Synplify2015/auxx/gui/common/misc/base.tcl
/opt/Synopsys/Synplify2015/auxx/gui/common/misc/timing.tcl
/opt/Synopsys/Synplify2015/auxx/gui/common/misc/setting.tcl
/opt/Synopsys/Synplify2015/auxx/gui/common/misc/preset.tcl
/opt/Synopsys/Synplify2015/auxx/gui/common/WindowFrameWork/windowFrameWork.tcl
/opt/Synopsys/Synplify2015/auxx/gui/common/WindowFrameWork/skipBusyCursorCmdList.tcl
/opt/Synopsys/Synplify2015/auxx/gui/common/docBrowser/docBrowser.tcl
/opt/Synopsys/Synplify2015/auxx/tcllib/snps_tcl/snpsUtils/snpsUtils.tcl
/opt/Synopsys/Synplify2015/auxx/gui/common/dialogs/ObjectChooser.tcl
/opt/Synopsys/Synplify2015/auxx/gui/common/misc/DialogObjectChooser.tcl
/opt/Synopsys/Synplify2015/auxx/gui/common/dialogs/HistBinInformation.tcl
/opt/Synopsys/Synplify2015/auxx/gui/common/dialogs/HistBin1Information.tcl
/opt/Synopsys/Synplify2015/auxx/gui/common/dialogs/BinsOnlyInformation.tcl
/opt/Synopsys/Synplify2015/auxx/gui/common/dialogs/FileChooser.tcl
/opt/Synopsys/Synplify2015/auxx/gui/common/dialogs/PathPinSimpleInfo.tcl
/opt/Synopsys/Synplify2015/auxx/gui/common/dialogs/PathsBasicInfo.tcl
/opt/Synopsys/Synplify2015/auxx/gui/common/dialogs/PathsBasicSimpleInfo.tcl
/opt/Synopsys/Synplify2015/auxx/gui/common/dialogs/SlctOperationInfo.tcl
/opt/Synopsys/Synplify2015/auxx/gui/common/dialogs/ObjectListInfo.tcl
/opt/Synopsys/Synplify2015/auxx/gui/common/dialogs/FanInOutInfo.tcl
/opt/Synopsys/Synplify2015/auxx/gui/common/dialogs/NumberOfLevelsChooser.tcl
/opt/Synopsys/Synplify2015/auxx/gui/common/dialogs/WindowReuseInfo.tcl
/opt/Synopsys/Synplify2015/auxx/gui/common/dialogs/ReportOutputOptionInfo.tcl
/opt/Synopsys/Synplify2015/auxx/gui/common/setup/snpsCollections.tcl
/opt/Synopsys/Synplify2015/auxx/gui/common/dialogs/CompileLinkDesign.tcl
/opt/Synopsys/Synplify2015/auxx/gui/common/histogram/DialogEndpointSlack.tcl
/opt/Synopsys/Synplify2015/auxx/gui/common/histogram/DialogPathsSlack.tcl
/opt/Synopsys/Synplify2015/auxx/gui/common/histogram/DialogNetCapacitance.tcl
/opt/Synopsys/Synplify2015/auxx/gui/common/schematic/DialogPathSchematicFanInOut.tcl
/opt/Synopsys/Synplify2015/auxx/gui/common/schematic/DialogPathSchematicAddPaths.tcl
/home/IC/Projects/system/dft/dft_script.tcl
/home/IC/Projects/system/rtl/alu.v
/home/IC/Projects/system/rtl/clkdiv.v
/home/IC/Projects/system/rtl/CLKDIV_MUX.v
/home/IC/Projects/system/rtl/CLK_GATE.v
/home/IC/Projects/system/rtl/data_samp.v
/home/IC/Projects/system/rtl/data_sync.v
/home/IC/Projects/system/rtl/deser.v
/home/IC/Projects/system/rtl/edge_cnt.v
/home/IC/Projects/system/rtl/fifo_memory.v
/home/IC/Projects/system/rtl/fifo_r.v
/home/IC/Projects/system/rtl/fifo_top.v
/home/IC/Projects/system/rtl/fifo_w.v
/home/IC/Projects/system/rtl/fsm.v
/home/IC/Projects/system/rtl/fsmr.v
/home/IC/Projects/system/rtl/mux.v
/home/IC/Projects/system/rtl/par_check.v
/home/IC/Projects/system/rtl/parity.v
/home/IC/Projects/system/rtl/pulse_gen.v
/home/IC/Projects/system/rtl/reg_file.v
/home/IC/Projects/system/rtl/rst_sync.v
/home/IC/Projects/system/rtl/ser.v
/home/IC/Projects/system/rtl/stop_chack.v
/home/IC/Projects/system/rtl/strt_check.v
/home/IC/Projects/system/rtl/sync_r2w.v
/home/IC/Projects/system/rtl/sync_w2r.v
/home/IC/Projects/system/rtl/sys_crl.v
/home/IC/Projects/system/rtl/top.v
/home/IC/Projects/system/rtl/uart_rx_top.v
/home/IC/Projects/system/rtl/mux2X1.v
/home/IC/Projects/system/rtl/uart_top.v
/home/IC/Projects/system/rtl/SYS_TOP_dft.v
/home/IC/Projects/system/std_cells/scmetro_tsmc_cl013g_rvt_ss_1p08v_125c.db
/home/IC/Projects/system/std_cells/scmetro_tsmc_cl013g_rvt_tt_1p2v_25c.db
/home/IC/Projects/system/std_cells/scmetro_tsmc_cl013g_rvt_ff_1p32v_m40c.db
/opt/Synopsys/Synplify2015/libraries/syn/gtech.db
/opt/Synopsys/Synplify2015/libraries/syn/standard.sldb
/home/IC/Projects/system/dft/cons.tcl
/home/IC/synopsys_cache_K-2015.06/DW01/DW01_inc/rpl/4/scmetro_tsmc_cl013g_rvt_ss_1p08v_125c_474/element.ddc
/home/IC/synopsys_cache_K-2015.06/DW01/DW01_inc/rpl/3/scmetro_tsmc_cl013g_rvt_ss_1p08v_125c_474/element.ddc
/home/IC/synopsys_cache_K-2015.06/DW01/DW01_cmp6/rpl/4/scmetro_tsmc_cl013g_rvt_ss_1p08v_125c_474/element.ddc
/home/IC/synopsys_cache_K-2015.06/DW01/DW01_cmp6/rpl/2/scmetro_tsmc_cl013g_rvt_ss_1p08v_125c_474/element.ddc
/home/IC/synopsys_cache_K-2015.06/DW01/DW01_cmp2/rpl/4/scmetro_tsmc_cl013g_rvt_ss_1p08v_125c_474/element.ddc
/home/IC/synopsys_cache_K-2015.06/DW02/DW_div_uns/rpl/8/8/scmetro_tsmc_cl013g_rvt_ss_1p08v_125c_474/element.ddc
/home/IC/synopsys_cache_K-2015.06/DW01/DW01_sub/rpl/9/scmetro_tsmc_cl013g_rvt_ss_1p08v_125c_474/element.ddc
/home/IC/synopsys_cache_K-2015.06/DW01/DW01_add/rpl/9/scmetro_tsmc_cl013g_rvt_ss_1p08v_125c_474/element.ddc
/home/IC/synopsys_cache_K-2015.06/DW01/DW01_cmp6/rpl/8/scmetro_tsmc_cl013g_rvt_ss_1p08v_125c_474/element.ddc
/home/IC/synopsys_cache_K-2015.06/DW01/DW01_inc/rpl/8/scmetro_tsmc_cl013g_rvt_ss_1p08v_125c_474/element.ddc
/home/IC/synopsys_cache_K-2015.06/DW01/DW01_inc/rpl/6/scmetro_tsmc_cl013g_rvt_ss_1p08v_125c_474/element.ddc
/home/IC/synopsys_cache_K-2015.06/DW01/DW01_cmp6/rpl/32/scmetro_tsmc_cl013g_rvt_ss_1p08v_125c_474/element.ddc
/home/IC/synopsys_cache_K-2015.06/DW01/DW01_dec/rpl/7/scmetro_tsmc_cl013g_rvt_ss_1p08v_125c_474/element.ddc
/home/IC/synopsys_cache_K-2015.06/DW01/DW01_cmp6/rpl/6/scmetro_tsmc_cl013g_rvt_ss_1p08v_125c_474/element.ddc
/home/IC/synopsys_cache_K-2015.06/DW01/DW01_dec/rpl/6/scmetro_tsmc_cl013g_rvt_ss_1p08v_125c_474/element.ddc
/home/IC/synopsys_cache_K-2015.06/DW01/DW01_add/rpl/6/scmetro_tsmc_cl013g_rvt_ss_1p08v_125c_474/element.ddc
/home/IC/synopsys_cache_K-2015.06/DW01/DW01_sub/rpl/6/scmetro_tsmc_cl013g_rvt_ss_1p08v_125c_474/element.ddc
/home/IC/synopsys_cache_K-2015.06/DW02/DW02_mult/csa/8/8/scmetro_tsmc_cl013g_rvt_ss_1p08v_125c_474_8167_7363/element.ddc
/home/IC/synopsys_cache_K-2015.06/DW02/DW02_mult/csa/8/8/scmetro_tsmc_cl013g_rvt_ss_1p08v_125c_474/element.ddc
/home/IC/synopsys_cache_K-2015.06/DW01/DW01_add/cla/14/scmetro_tsmc_cl013g_rvt_ss_1p08v_125c_474/element.ddc
/home/IC/Projects/system/std_cells/scmetro_tsmc_cl013g_rvt_ss_1p08v_125c.db
/home/IC/Projects/system/std_cells/scmetro_tsmc_cl013g_rvt_tt_1p2v_25c.db
/home/IC/Projects/system/std_cells/scmetro_tsmc_cl013g_rvt_ff_1p32v_m40c.db
/home/IC/Projects/system/std_cells/scmetro_tsmc_cl013g_rvt_ss_1p08v_125c.db
/home/IC/Projects/system/std_cells/scmetro_tsmc_cl013g_rvt_tt_1p2v_25c.db
/home/IC/Projects/system/std_cells/scmetro_tsmc_cl013g_rvt_ff_1p32v_m40c.db
/home/IC/synopsys_cache_K-2015.06/DW01/DW01_inc/rpl/8/scmetro_tsmc_cl013g_rvt_ss_1p08v_125c_474_8167_7363/element.ddc
/home/IC/synopsys_cache_K-2015.06/DW01/DW01_add/rpl/9/scmetro_tsmc_cl013g_rvt_ss_1p08v_125c_474_8167_7363/element.ddc
/home/IC/synopsys_cache_K-2015.06/DW01/DW01_sub/rpl/9/scmetro_tsmc_cl013g_rvt_ss_1p08v_125c_474_8167_7363/element.ddc
/home/IC/Projects/system/std_cells/scmetro_tsmc_cl013g_rvt_ss_1p08v_125c.db
/home/IC/Projects/system/std_cells/scmetro_tsmc_cl013g_rvt_tt_1p2v_25c.db
/home/IC/Projects/system/std_cells/scmetro_tsmc_cl013g_rvt_ff_1p32v_m40c.db
