 
****************************************
Report : area
Design : SYS_TOP_dft
Version: K-2015.06
Date   : Sun Oct  5 12:51:36 2025
****************************************

Library(s) Used:

    scmetro_tsmc_cl013g_rvt_ss_1p08v_125c (File: /home/IC/Projects/system/std_cells/scmetro_tsmc_cl013g_rvt_ss_1p08v_125c.db)

Number of ports:                          907
Number of nets:                          2880
Number of cells:                         1943
Number of combinational cells:           1504
Number of sequential cells:               392
Number of macros/black boxes:               0
Number of buf/inv:                        297
Number of references:                      26

Combinational area:              14033.324446
Buf/Inv area:                     1153.166024
Noncombinational area:           12300.045551
Macro/Black Box area:                0.000000
Net Interconnect area:      undefined  (No wire load specified)

Total cell area:                 26333.369997
Total area:                 undefined

Hierarchical area distribution
------------------------------

                                  Global cell area            Local cell area
                                  -------------------  ------------------------------ 
Hierarchical cell                 Absolute    Percent  Combi-      Noncombi-   Black-
                                  Total       Total    national    national    boxes   Design
--------------------------------  ----------  -------  ----------  ----------  ------  -------------------
SYS_TOP_dft                       26333.3700    100.0    109.4331      0.0000  0.0000  SYS_TOP_dft
alu_inst                           5671.6941     21.5   1023.7290    560.1092  0.0000  alu_test_1
alu_inst/add_29                     231.8099      0.9    231.8099      0.0000  0.0000  alu_DW01_add_0
alu_inst/div_48                    1434.3973      5.4   1434.3973      0.0000  0.0000  alu_DW_div_uns_0
alu_inst/mult_42                   2155.7144      8.2   1914.4909      0.0000  0.0000  alu_DW02_mult_0
alu_inst/mult_42/FS_1               241.2235      0.9    241.2235      0.0000  0.0000  alu_DW01_add_1
alu_inst/sub_35                     265.9342      1.0    265.9342      0.0000  0.0000  alu_DW01_sub_0
clock_gate_inst                      40.0078      0.2      0.0000     40.0078  0.0000  CLK_GATE
control                            1560.3042      5.9    769.5618    790.7424  0.0000  sys_crl_test_1
data_syn                            480.0936      1.8     84.7224    395.3712  0.0000  data_sync_test_1
div_RX                              866.0512      3.3    357.7168    305.9420  0.0000  clkdiv_test_0
div_RX/add_19                        95.3127      0.4     95.3127      0.0000  0.0000  clkdiv_1_DW01_inc_1
div_RX/add_52                       107.0797      0.4    107.0797      0.0000  0.0000  clkdiv_1_DW01_inc_0
div_mux                              88.2525      0.3     88.2525      0.0000  0.0000  CLKDIV_MUX
div_tx                              887.2318      3.4    389.4877    295.3517  0.0000  clkdiv_test_1
div_tx/add_19                        95.3127      0.4     95.3127      0.0000  0.0000  clkdiv_0_DW01_inc_1
div_tx/add_52                       107.0797      0.4    107.0797      0.0000  0.0000  clkdiv_0_DW01_inc_0
fifo                               5032.7461     19.1     14.1204      0.0000  0.0000  fifo_top_test_1
fifo/memory                        3352.4184     12.7   1243.7719   2108.6465  0.0000  fifo_mem_test_1
fifo/r2w                            263.5808      1.0      0.0000    263.5808  0.0000  sync_r2w_test_1
fifo/read_domain                    569.5228      2.2    205.9225    363.6003  0.0000  fifo_r_test_1
fifo/w2r                            263.5808      1.0      0.0000    263.5808  0.0000  sync_w2r_test_1
fifo/write_domain                   569.5228      2.2    205.9225    363.6003  0.0000  fifo_w_test_1
pulse_gen_inst                       38.8311      0.1      5.8835     32.9476  0.0000  pulse_gen_test_1
ref_clk_mux                          15.2971      0.1     15.2971      0.0000  0.0000  mux2X1_2
register_file                      7087.2644     26.9   2576.9731   4510.2913  0.0000  reg_file_test_1
rst_muxx                             11.7670      0.0     11.7670      0.0000  0.0000  mux2X1_0
rst_muxx_sync1                       11.7670      0.0     11.7670      0.0000  0.0000  mux2X1_6
rst_muxx_sync2                       11.7670      0.0     11.7670      0.0000  0.0000  mux2X1_5
rst_syn1                             65.8952      0.3      0.0000     65.8952  0.0000  rst_sync_test_0
rst_syn2                             65.8952      0.3      0.0000     65.8952  0.0000  rst_sync_test_1
uart_clk_mux                         11.7670      0.0     11.7670      0.0000  0.0000  mux2X1_1
uart_clk_mux_rx                      11.7670      0.0     11.7670      0.0000  0.0000  mux2X1_3
uart_clk_mux_tx                      11.7670      0.0     11.7670      0.0000  0.0000  mux2X1_4
uart_inst                          4253.7706     16.2      7.0602      0.0000  0.0000  UART_test_1
uart_inst/UART_RX                  2932.3365     11.1      7.0602      0.0000  0.0000  uart_rx_top_test_1
uart_inst/UART_RX/data_samp_init    564.8160      2.1    437.7324    127.0836  0.0000  data_samp_test_1
uart_inst/UART_RX/deser_init        944.8901      3.6    417.7285    527.1616  0.0000  deser_test_1
uart_inst/UART_RX/edge_cnt_init     695.4297      2.6    365.9537    329.4760  0.0000  edge_cnt_test_1
uart_inst/UART_RX/fsm_init          596.5869      2.3    497.7441     98.8428  0.0000  fsmr_test_1
uart_inst/UART_RX/par_check_init    108.2564      0.4    108.2564      0.0000  0.0000  par_check
uart_inst/UART_RX/stop_check_init     9.4136      0.0      9.4136      0.0000  0.0000  stop_check
uart_inst/UART_RX/strt_check_init     5.8835      0.0      5.8835      0.0000  0.0000  strt_check
uart_inst/UART_TX                  1314.3739      5.0      7.0602      0.0000  0.0000  top_test_1
uart_inst/UART_TX/fsm_inst          176.5050      0.7     77.6622     98.8428  0.0000  fsm_test_1
uart_inst/UART_TX/mux_inst           25.8874      0.1     25.8874      0.0000  0.0000  mux
uart_inst/UART_TX/par_inst          450.6761      1.7    187.0953    263.5808  0.0000  parity_test_1
uart_inst/UART_TX/serial_inst       654.2452      2.5    224.7497    429.4955  0.0000  ser_test_1
--------------------------------  ----------  -------  ----------  ----------  ------  -------------------
Total                                                  14033.3244  12300.0456  0.0000

1
