 
****************************************
Report : clocks
Design : SYS_TOP_dft
Version: K-2015.06
Date   : Sun Oct  5 12:51:36 2025
****************************************

Attributes:
    d - dont_touch_network
    f - fix_hold
    p - propagated_clock
    G - generated_clock
    g - lib_generated_clock

Clock          Period   Waveform            Attrs     Sources
--------------------------------------------------------------------------------
ALU_CLK         20.00   {0 10}              G d       {clock_gate_inst/GATED_CLK}
REF_CLK         20.00   {0 10}              d         {REF_CLK}
RX_CLK         271.30   {0 135.648}         G d       {div_RX/o_div_clk}
SCAN_CLK        10.00   {0 5}                         {scan_clk}
TX_CLK        8681.50   {0 4340.75}         G d       {div_tx/o_div_clk}
UART_CLK       271.30   {0 135.648}         d         {UART_CLK}
--------------------------------------------------------------------------------

Generated     Master         Generated      Master         Waveform
Clock         Source         Source         Clock          Modification
--------------------------------------------------------------------------------
ALU_CLK       REF_CLK        {clock_gate_inst/GATED_CLK}
                                            REF_CLK        divide_by(1)
RX_CLK        UART_CLK       {div_RX/o_div_clk}
                                            UART_CLK       divide_by(1)
TX_CLK        UART_CLK       {div_tx/o_div_clk}
                                            UART_CLK       divide_by(32)
--------------------------------------------------------------------------------
1
