Information: Propagating switching activity (low effort zero delay simulation). (PWR-6)
Warning: Design has unannotated primary inputs. (PWR-414)
Warning: Design has unannotated sequential cell outputs. (PWR-415)
 
****************************************
Report : power
        -hier
        -analysis_effort low
Design : SYS_TOP_dft
Version: K-2015.06
Date   : Sun Oct  5 12:51:36 2025
****************************************


Library(s) Used:

    scmetro_tsmc_cl013g_rvt_ss_1p08v_125c (File: /home/IC/Projects/system/std_cells/scmetro_tsmc_cl013g_rvt_ss_1p08v_125c.db)


Operating Conditions: scmetro_tsmc_cl013g_rvt_ss_1p08v_125c   Library: scmetro_tsmc_cl013g_rvt_ss_1p08v_125c
Wire Load Model Mode: top


Global Operating Voltage = 1.08 
Power-specific unit information :
    Voltage Units = 1V
    Capacitance Units = 1.000000pf
    Time Units = 1ns
    Dynamic Power Units = 1mW    (derived from V,C,T units)
    Leakage Power Units = 1pW


--------------------------------------------------------------------------------
                                       Switch   Int      Leak     Total
Hierarchy                              Power    Power    Power    Power    %
--------------------------------------------------------------------------------
SYS_TOP_dft                               0.133    0.759 1.59e+07    0.908 100.0
  control (sys_crl_test_1)             2.34e-03 4.75e-02 7.38e+05 5.06e-02   5.6
  clock_gate_inst (CLK_GATE)           1.84e-03 7.24e-03 3.73e+04 9.12e-03   1.0
  alu_inst (alu_test_1)                5.75e-03 2.92e-02 4.36e+06 3.93e-02   4.3
    mult_42 (alu_DW02_mult_0)          1.69e-03 2.91e-03 1.69e+06 6.29e-03   0.7
    add_29 (alu_DW01_add_0)            1.08e-04 1.02e-03 2.14e+05 1.35e-03   0.1
    sub_35 (alu_DW01_sub_0)            2.34e-04 1.09e-03 2.54e+05 1.58e-03   0.2
    div_48 (alu_DW_div_uns_0)          2.13e-03 5.91e-03 1.29e+06 9.33e-03   1.0
  pulse_gen_inst (pulse_gen_test_1)    5.89e-05 2.04e-03 1.91e+04 2.11e-03   0.2
  register_file (reg_file_test_1)      1.23e-02    0.259 3.75e+06    0.275  30.2
  fifo (fifo_top_test_1)               7.66e-03    0.187 2.73e+06    0.197  21.7
    w2r (sync_w2r_test_1)              3.49e-05 1.27e-02 1.09e+05 1.29e-02   1.4
    r2w (sync_r2w_test_1)              6.89e-05 1.38e-02 1.11e+05 1.40e-02   1.5
    read_domain (fifo_r_test_1)        5.18e-04 1.89e-02 3.48e+05 1.97e-02   2.2
    write_domain (fifo_w_test_1)       2.53e-04 1.80e-02 3.40e+05 1.86e-02   2.0
    memory (fifo_mem_test_1)           5.62e-03    0.123 1.81e+06    0.131  14.4
  data_syn (data_sync_test_1)          4.97e-04 2.17e-02 2.15e+05 2.24e-02   2.5
  rst_syn1 (rst_sync_test_0)           4.09e-05 4.51e-03 3.00e+04 4.58e-03   0.5
  rst_syn2 (rst_sync_test_1)           4.05e-05 4.56e-03 2.99e+04 4.63e-03   0.5
  div_mux (CLKDIV_MUX)                 1.95e-04 1.95e-04 4.42e+04 4.34e-04   0.0
  div_RX (clkdiv_test_0)               1.11e-03 2.20e-02 6.06e+05 2.37e-02   2.6
    add_19 (clkdiv_1_DW01_inc_1)       6.10e-06 3.83e-05 8.60e+04 1.30e-04   0.0
    add_52 (clkdiv_1_DW01_inc_0)       5.16e-05 3.45e-04 9.58e+04 4.92e-04   0.1
  div_tx (clkdiv_test_1)               2.13e-03 2.49e-02 5.90e+05 2.76e-02   3.0
    add_19 (clkdiv_0_DW01_inc_1)       7.23e-05 3.27e-04 8.63e+04 4.86e-04   0.1
    add_52 (clkdiv_0_DW01_inc_0)       1.87e-04 8.55e-04 9.62e+04 1.14e-03   0.1
  uart_inst (UART_test_1)              1.60e-02    0.139 2.56e+06    0.158  17.4
    UART_RX (uart_rx_top_test_1)       1.05e-02 8.61e-02 1.80e+06 9.85e-02  10.8
      stop_check_init (stop_check)     3.62e-07 6.33e-08 5.91e+03 6.33e-06   0.0
      strt_check_init (strt_check)     5.26e-06 2.10e-05 4.48e+03 3.08e-05   0.0
      par_check_init (par_check)       1.58e-04 5.34e-04 1.06e+05 7.98e-04   0.1
      edge_cnt_init (edge_cnt_test_1)  4.63e-03 2.65e-02 4.07e+05 3.16e-02   3.5
      data_samp_init (data_samp_test_1)
                                       1.31e-03 1.35e-02 3.97e+05 1.52e-02   1.7
      deser_init (deser_test_1)        1.75e-03 3.57e-02 4.91e+05 3.80e-02   4.2
      fsm_init (fsmr_test_1)           1.76e-03 9.71e-03 3.88e+05 1.19e-02   1.3
    UART_TX (top_test_1)               5.42e-03 5.31e-02 7.53e+05 5.93e-02   6.5
      mux_inst (mux)                   1.16e-03 2.79e-04 2.17e+04 1.46e-03   0.2
      par_inst (parity_test_1)         4.60e-04 1.62e-02 2.81e+05 1.70e-02   1.9
      serial_inst (ser_test_1)         2.02e-03 2.88e-02 3.41e+05 3.11e-02   3.4
      fsm_inst (fsm_test_1)            1.06e-03 7.79e-03 1.03e+05 8.96e-03   1.0
  rst_muxx_sync2 (mux2X1_5)            1.92e-05 8.34e-05 1.22e+04 1.15e-04   0.0
  rst_muxx_sync1 (mux2X1_6)            1.92e-05 8.34e-05 1.22e+04 1.15e-04   0.0
  rst_muxx (mux2X1_0)                  1.15e-04 9.00e-05 1.15e+04 2.16e-04   0.0
  ref_clk_mux (mux2X1_2)               5.68e-02 4.16e-03 1.88e+04 6.10e-02   6.7
  uart_clk_mux_rx (mux2X1_3)           7.34e-03 1.91e-03 1.15e+04 9.26e-03   1.0
  uart_clk_mux_tx (mux2X1_4)           9.51e-03 1.93e-03 1.15e+04 1.15e-02   1.3
  uart_clk_mux (mux2X1_1)              5.19e-03 1.88e-03 1.15e+04 7.08e-03   0.8
1
