 
****************************************
Report : timing
        -path full
        -delay max
        -max_paths 1
Design : SYS_TOP_dft
Version: K-2015.06
Date   : Sun Oct  5 12:51:36 2025
****************************************

Operating Conditions: scmetro_tsmc_cl013g_rvt_ss_1p08v_125c   Library: scmetro_tsmc_cl013g_rvt_ss_1p08v_125c
Wire Load Model Mode: top

  Startpoint: alu_inst/valid_reg
              (rising edge-triggered flip-flop clocked by ALU_CLK)
  Endpoint: alu_inst/ALU_OUT_reg[9]
            (rising edge-triggered flip-flop clocked by ALU_CLK)
  Path Group: ALU_CLK
  Path Type: max

  Point                                                   Incr       Path
  --------------------------------------------------------------------------
  clock ALU_CLK (rise edge)                               0.00       0.00
  clock network delay (ideal)                             0.00       0.00
  alu_inst/valid_reg/CK (SDFFRQX1M)                       0.00       0.00 r
  alu_inst/valid_reg/Q (SDFFRQX1M)                        0.46       0.46 f
  alu_inst/valid (alu_test_1)                             0.00       0.46 f
  control/out_valid (sys_crl_test_1)                      0.00       0.46 f
  control/U134/Y (OAI21X2M)                               0.21       0.68 r
  control/alu_en (sys_crl_test_1)                         0.00       0.68 r
  alu_inst/enable (alu_test_1)                            0.00       0.68 r
  alu_inst/U89/Y (INVX2M)                                 0.18       0.86 f
  alu_inst/U34/Y (NOR2BX2M)                               0.21       1.07 r
  alu_inst/U35/Y (OAI2BB1X2M)                             0.16       1.22 r
  alu_inst/ALU_OUT_reg[9]/D (SDFFRQX2M)                   0.00       1.22 r
  data arrival time                                                  1.22

  clock ALU_CLK (rise edge)                              20.00      20.00
  clock network delay (ideal)                             0.00      20.00
  clock uncertainty                                      -0.20      19.80
  alu_inst/ALU_OUT_reg[9]/CK (SDFFRQX2M)                  0.00      19.80 r
  library setup time                                     -0.28      19.52
  data required time                                                19.52
  --------------------------------------------------------------------------
  data required time                                                19.52
  data arrival time                                                 -1.22
  --------------------------------------------------------------------------
  slack (MET)                                                       18.30


  Startpoint: SE (input port clocked by SCAN_CLK)
  Endpoint: uart_inst/UART_RX/deser_init/p_data_reg[0]
            (rising edge-triggered flip-flop clocked by SCAN_CLK)
  Path Group: SCAN_CLK
  Path Type: max

  Point                                                   Incr       Path
  --------------------------------------------------------------------------
  clock SCAN_CLK (rise edge)                              0.00       0.00
  clock network delay (ideal)                             0.00       0.00
  input external delay                                    2.00       2.00 r
  SE (in)                                                 0.56       2.56 r
  U27/Y (INVXLM)                                          0.20       2.76 f
  U28/Y (INVXLM)                                          0.14       2.90 r
  U21/Y (DLY1X1M)                                         0.94       3.84 r
  uart_inst/test_se (UART_test_1)                         0.00       3.84 r
  uart_inst/UART_RX/test_se (uart_rx_top_test_1)          0.00       3.84 r
  uart_inst/UART_RX/deser_init/test_se (deser_test_1)     0.00       3.84 r
  uart_inst/UART_RX/deser_init/U71/Y (INVXLM)             0.10       3.93 f
  uart_inst/UART_RX/deser_init/U72/Y (INVXLM)             0.60       4.53 r
  uart_inst/UART_RX/deser_init/p_data_reg[0]/SE (SDFFRQX2M)
                                                          0.00       4.53 r
  data arrival time                                                  4.53

  clock SCAN_CLK (rise edge)                             10.00      10.00
  clock network delay (ideal)                             0.00      10.00
  clock uncertainty                                      -0.20       9.80
  uart_inst/UART_RX/deser_init/p_data_reg[0]/CK (SDFFRQX2M)
                                                          0.00       9.80 r
  library setup time                                     -0.60       9.20
  data required time                                                 9.20
  --------------------------------------------------------------------------
  data required time                                                 9.20
  data arrival time                                                 -4.53
  --------------------------------------------------------------------------
  slack (MET)                                                        4.67


1
