Loading db file '/home/IC/Projects/system/std_cells/scmetro_tsmc_cl013g_rvt_ss_1p08v_125c.db'
Information: Propagating switching activity (low effort zero delay simulation). (PWR-6)
Warning: Design has unannotated primary inputs. (PWR-414)
Warning: Design has unannotated sequential cell outputs. (PWR-415)
 
****************************************
Report : power
        -hier
        -analysis_effort low
Design : SYS_TOP
Version: K-2015.06
Date   : Wed Oct  1 05:39:13 2025
****************************************


Library(s) Used:

    scmetro_tsmc_cl013g_rvt_ss_1p08v_125c (File: /home/IC/Projects/system/std_cells/scmetro_tsmc_cl013g_rvt_ss_1p08v_125c.db)


Operating Conditions: scmetro_tsmc_cl013g_rvt_ss_1p08v_125c   Library: scmetro_tsmc_cl013g_rvt_ss_1p08v_125c
Wire Load Model Mode: top


Global Operating Voltage = 1.08 
Power-specific unit information :
    Voltage Units = 1V
    Capacitance Units = 1.000000pf
    Time Units = 1ns
    Dynamic Power Units = 1mW    (derived from V,C,T units)
    Leakage Power Units = 1pW


--------------------------------------------------------------------------------
                                       Switch   Int      Leak     Total
Hierarchy                              Power    Power    Power    Power    %
--------------------------------------------------------------------------------
SYS_TOP                                5.17e-03    0.209 1.41e+07    0.228 100.0
  control (sys_crl)                       0.000 1.74e-02 6.37e+05 1.80e-02   7.9
  clock_gate_inst (CLK_GATE)              0.000 4.21e-03 3.71e+04 4.25e-03   1.9
  alu_inst (alu)                          0.000 1.23e-02 4.20e+06 1.65e-02   7.2
    mult_42 (alu_DW02_mult_0)             0.000    0.000 1.65e+06 1.65e-03   0.7
    add_29 (alu_DW01_add_0)               0.000    0.000 2.05e+05 2.05e-04   0.1
    sub_35 (alu_DW01_sub_0)               0.000    0.000 2.48e+05 2.48e-04   0.1
    div_48 (alu_DW_div_uns_0)             0.000    0.000 1.24e+06 1.24e-03   0.5
  pulse_gen_inst (pulse_gen)              0.000 5.15e-06 1.39e+04 1.90e-05   0.0
  register_file (reg_file)             1.91e-03 9.96e-02 3.17e+06    0.105  45.8
  fifo (fifo_top)                      1.32e-03 6.04e-02 2.29e+06 6.41e-02  28.0
    w2r (sync_w2r)                        0.000 4.12e-05 7.49e+04 1.16e-04   0.1
    r2w (sync_r2w)                        0.000 5.79e-03 8.27e+04 5.87e-03   2.6
    read_domain (fifo_r)                  0.000 5.63e-05 3.00e+05 3.56e-04   0.2
    write_domain (fifo_w)                 0.000 8.03e-03 3.04e+05 8.33e-03   3.6
    memory (fifo_mem)                  9.02e-04 4.65e-02 1.52e+06 4.89e-02  21.4
  data_syn (data_sync)                    0.000 8.68e-03 1.72e+05 8.85e-03   3.9
  rst_syn1 (rst_sync_1)                1.29e-05 2.29e-03 2.51e+04 2.33e-03   1.0
  rst_syn2 (rst_sync_0)                6.77e-06 2.61e-04 2.35e+04 2.91e-04   0.1
  div_mux (CLKDIV_MUX)                    0.000    0.000 4.49e+04 4.49e-05   0.0
  div_RX (clkdiv_1)                    2.52e-04 6.94e-04 5.73e+05 1.52e-03   0.7
    add_19 (clkdiv_1_DW01_inc_1)          0.000    0.000 8.60e+04 8.60e-05   0.0
    add_52 (clkdiv_1_DW01_inc_0)          0.000    0.000 9.47e+04 9.47e-05   0.0
  div_tx (clkdiv_0)                    8.42e-05 8.26e-04 5.50e+05 1.46e-03   0.6
    add_19 (clkdiv_0_DW01_inc_1)          0.000    0.000 8.67e+04 8.67e-05   0.0
    add_52 (clkdiv_0_DW01_inc_0)       7.73e-06 1.48e-05 9.50e+04 1.18e-04   0.1
  uart_inst (UART)                     6.77e-04 2.49e-03 2.29e+06 5.46e-03   2.4
    UART_RX (uart_rx_top)              2.67e-04 2.33e-03 1.65e+06 4.25e-03   1.9
      stop_check_init (stop_check)        0.000    0.000 5.58e+03 5.58e-06   0.0
      strt_check_init (strt_check)     9.67e-07 3.78e-06 4.79e+03 9.54e-06   0.0
      par_check_init (par_check)          0.000    0.000 1.08e+05 1.08e-04   0.0
      edge_cnt_init (edge_cnt)         1.57e-04 7.84e-04 3.59e+05 1.30e-03   0.6
      data_samp_init (data_samp)       3.35e-05 2.72e-04 3.80e+05 6.85e-04   0.3
      deser_init (deser)               3.80e-06 9.16e-04 4.09e+05 1.33e-03   0.6
      fsm_init (fsmr)                  7.19e-05 3.51e-04 3.87e+05 8.10e-04   0.4
    UART_TX (top)                      1.77e-04 1.46e-04 6.30e+05 9.54e-04   0.4
      mux_inst (mux)                      0.000    0.000 2.34e+04 2.34e-05   0.0
      par_inst (parity)                   0.000 4.12e-05 2.46e+05 2.87e-04   0.1
      serial_inst (ser)                1.21e-06 6.96e-05 2.64e+05 3.35e-04   0.1
      fsm_inst (fsm)                      0.000 1.55e-05 9.18e+04 1.07e-04   0.0
1
