 
****************************************
Report : timing
        -path full
        -delay max
        -max_paths 1
Design : SYS_TOP
Version: K-2015.06
Date   : Wed Oct  1 05:39:13 2025
****************************************

Operating Conditions: scmetro_tsmc_cl013g_rvt_ss_1p08v_125c   Library: scmetro_tsmc_cl013g_rvt_ss_1p08v_125c
Wire Load Model Mode: top

  Startpoint: register_file/mem_reg[1][6]
              (rising edge-triggered flip-flop clocked by REF_CLK)
  Endpoint: alu_inst/ALU_OUT_reg[0]
            (rising edge-triggered flip-flop clocked by REF_CLK)
  Path Group: REF_CLK
  Path Type: max

  Point                                                   Incr       Path
  --------------------------------------------------------------------------
  clock REF_CLK (rise edge)                               0.00       0.00
  clock network delay (ideal)                             0.00       0.00
  register_file/mem_reg[1][6]/CK (DFFRQX2M)               0.00       0.00 r
  register_file/mem_reg[1][6]/Q (DFFRQX2M)                0.48       0.48 f
  register_file/REG1[6] (reg_file)                        0.00       0.48 f
  alu_inst/b[6] (alu)                                     0.00       0.48 f
  alu_inst/U90/Y (BUFX2M)                                 0.21       0.70 f
  alu_inst/div_48/b[6] (alu_DW_div_uns_0)                 0.00       0.70 f
  alu_inst/div_48/U70/Y (NOR2X1M)                         0.16       0.86 r
  alu_inst/div_48/U67/Y (AND3X1M)                         0.20       1.06 r
  alu_inst/div_48/U65/Y (AND2X1M)                         0.16       1.22 r
  alu_inst/div_48/U62/Y (AND4X1M)                         0.25       1.47 r
  alu_inst/div_48/U40/Y (CLKMX2X2M)                       0.24       1.72 f
  alu_inst/div_48/u_div/u_fa_PartRem_0_6_1/CO (ADDFX2M)
                                                          0.44       2.15 f
  alu_inst/div_48/U63/Y (AND3X1M)                         0.32       2.47 f
  alu_inst/div_48/U46/Y (CLKMX2X2M)                       0.24       2.71 r
  alu_inst/div_48/u_div/u_fa_PartRem_0_5_1/CO (ADDFX2M)
                                                          0.49       3.20 r
  alu_inst/div_48/u_div/u_fa_PartRem_0_5_2/CO (ADDFX2M)
                                                          0.24       3.43 r
  alu_inst/div_48/U64/Y (AND2X1M)                         0.24       3.68 r
  alu_inst/div_48/U51/Y (CLKMX2X2M)                       0.27       3.94 f
  alu_inst/div_48/u_div/u_fa_PartRem_0_4_1/CO (ADDFX2M)
                                                          0.46       4.40 f
  alu_inst/div_48/u_div/u_fa_PartRem_0_4_2/CO (ADDFX2M)
                                                          0.33       4.73 f
  alu_inst/div_48/u_div/u_fa_PartRem_0_4_3/CO (ADDFX2M)
                                                          0.31       5.04 f
  alu_inst/div_48/U66/Y (AND2X1M)                         0.28       5.31 f
  alu_inst/div_48/U55/Y (CLKMX2X2M)                       0.24       5.55 f
  alu_inst/div_48/u_div/u_fa_PartRem_0_3_1/CO (ADDFX2M)
                                                          0.46       6.01 f
  alu_inst/div_48/u_div/u_fa_PartRem_0_3_2/CO (ADDFX2M)
                                                          0.33       6.33 f
  alu_inst/div_48/u_div/u_fa_PartRem_0_3_3/CO (ADDFX2M)
                                                          0.33       6.66 f
  alu_inst/div_48/u_div/u_fa_PartRem_0_3_4/CO (ADDFX2M)
                                                          0.31       6.97 f
  alu_inst/div_48/U68/Y (AND3X1M)                         0.39       7.36 f
  alu_inst/div_48/U58/Y (CLKMX2X2M)                       0.25       7.61 f
  alu_inst/div_48/u_div/u_fa_PartRem_0_2_1/CO (ADDFX2M)
                                                          0.46       8.06 f
  alu_inst/div_48/u_div/u_fa_PartRem_0_2_2/CO (ADDFX2M)
                                                          0.33       8.39 f
  alu_inst/div_48/u_div/u_fa_PartRem_0_2_3/CO (ADDFX2M)
                                                          0.33       8.72 f
  alu_inst/div_48/u_div/u_fa_PartRem_0_2_4/CO (ADDFX2M)
                                                          0.33       9.05 f
  alu_inst/div_48/u_div/u_fa_PartRem_0_2_5/CO (ADDFX2M)
                                                          0.31       9.36 f
  alu_inst/div_48/U69/Y (AND2X1M)                         0.32       9.68 f
  alu_inst/div_48/U60/Y (CLKMX2X2M)                       0.25       9.93 f
  alu_inst/div_48/u_div/u_fa_PartRem_0_1_1/CO (ADDFX2M)
                                                          0.46      10.39 f
  alu_inst/div_48/u_div/u_fa_PartRem_0_1_2/CO (ADDFX2M)
                                                          0.33      10.71 f
  alu_inst/div_48/u_div/u_fa_PartRem_0_1_3/CO (ADDFX2M)
                                                          0.33      11.04 f
  alu_inst/div_48/u_div/u_fa_PartRem_0_1_4/CO (ADDFX2M)
                                                          0.33      11.37 f
  alu_inst/div_48/u_div/u_fa_PartRem_0_1_5/CO (ADDFX2M)
                                                          0.33      11.70 f
  alu_inst/div_48/u_div/u_fa_PartRem_0_1_6/CO (ADDFX2M)
                                                          0.31      12.01 f
  alu_inst/div_48/U71/Y (AND2X1M)                         0.34      12.35 f
  alu_inst/div_48/U61/Y (CLKMX2X2M)                       0.24      12.59 f
  alu_inst/div_48/u_div/u_fa_PartRem_0_0_1/CO (ADDFX2M)
                                                          0.45      13.04 f
  alu_inst/div_48/u_div/u_fa_PartRem_0_0_2/CO (ADDFX2M)
                                                          0.33      13.37 f
  alu_inst/div_48/u_div/u_fa_PartRem_0_0_3/CO (ADDFX2M)
                                                          0.33      13.70 f
  alu_inst/div_48/u_div/u_fa_PartRem_0_0_4/CO (ADDFX2M)
                                                          0.33      14.02 f
  alu_inst/div_48/u_div/u_fa_PartRem_0_0_5/CO (ADDFX2M)
                                                          0.33      14.35 f
  alu_inst/div_48/u_div/u_fa_PartRem_0_0_6/CO (ADDFX2M)
                                                          0.33      14.68 f
  alu_inst/div_48/u_div/u_fa_PartRem_0_0_7/CO (ADDFX2M)
                                                          0.32      15.00 f
  alu_inst/div_48/quotient[0] (alu_DW_div_uns_0)          0.00      15.00 f
  alu_inst/U41/Y (AOI222X1M)                              0.41      15.41 r
  alu_inst/U38/Y (AOI31X2M)                               0.14      15.55 f
  alu_inst/ALU_OUT_reg[0]/D (DFFRQX2M)                    0.00      15.55 f
  data arrival time                                                 15.55

  clock REF_CLK (rise edge)                              20.00      20.00
  clock network delay (ideal)                             0.00      20.00
  clock uncertainty                                      -0.20      19.80
  alu_inst/ALU_OUT_reg[0]/CK (DFFRQX2M)                   0.00      19.80 r
  library setup time                                     -0.16      19.64
  data required time                                                19.64
  --------------------------------------------------------------------------
  data required time                                                19.64
  data arrival time                                                -15.55
  --------------------------------------------------------------------------
  slack (MET)                                                        4.09


  Startpoint: UART_RX_IN (input port clocked by RX_CLK)
  Endpoint: uart_inst/UART_RX/edge_cnt_init/bit_cnt_reg[2]
            (rising edge-triggered flip-flop clocked by RX_CLK)
  Path Group: RX_CLK
  Path Type: max

  Point                                                   Incr       Path
  --------------------------------------------------------------------------
  clock RX_CLK (rise edge)                                0.00       0.00
  clock network delay (ideal)                             0.00       0.00
  input external delay                                   54.26      54.26 f
  UART_RX_IN (in)                                         0.03      54.29 f
  uart_inst/RX_IN_S (UART)                                0.00      54.29 f
  uart_inst/UART_RX/rx_in_t (uart_rx_top)                 0.00      54.29 f
  uart_inst/UART_RX/fsm_init/Rx_in (fsmr)                 0.00      54.29 f
  uart_inst/UART_RX/fsm_init/U3/Y (OAI221X1M)             0.36      54.65 r
  uart_inst/UART_RX/fsm_init/enable (fsmr)                0.00      54.65 r
  uart_inst/UART_RX/edge_cnt_init/enable (edge_cnt)       0.00      54.65 r
  uart_inst/UART_RX/edge_cnt_init/U6/Y (INVX2M)           0.14      54.79 f
  uart_inst/UART_RX/edge_cnt_init/U4/Y (NOR2X2M)          0.31      55.10 r
  uart_inst/UART_RX/edge_cnt_init/U5/Y (AOI21X2M)         0.09      55.19 f
  uart_inst/UART_RX/edge_cnt_init/U14/Y (OA21X2M)         0.17      55.36 f
  uart_inst/UART_RX/edge_cnt_init/U13/Y (OAI32X1M)        0.11      55.47 r
  uart_inst/UART_RX/edge_cnt_init/bit_cnt_reg[2]/D (DFFRQX2M)
                                                          0.00      55.47 r
  data arrival time                                                 55.47

  clock RX_CLK (rise edge)                              271.30     271.30
  clock network delay (ideal)                             0.00     271.30
  clock uncertainty                                      -0.20     271.10
  uart_inst/UART_RX/edge_cnt_init/bit_cnt_reg[2]/CK (DFFRQX2M)
                                                          0.00     271.10 r
  library setup time                                     -0.35     270.75
  data required time                                               270.75
  --------------------------------------------------------------------------
  data required time                                               270.75
  data arrival time                                                -55.47
  --------------------------------------------------------------------------
  slack (MET)                                                      215.28


  Startpoint: uart_inst/UART_RX/deser_init/p_data_reg[6]
              (rising edge-triggered flip-flop clocked by RX_CLK)
  Endpoint: parity_error
            (output port clocked by TX_CLK)
  Path Group: TX_CLK
  Path Type: max

  Point                                                   Incr       Path
  --------------------------------------------------------------------------
  clock RX_CLK (rise edge)                             8410.20    8410.20
  clock network delay (ideal)                             0.00    8410.20
  uart_inst/UART_RX/deser_init/p_data_reg[6]/CK (DFFRQX2M)
                                                          0.00    8410.20 r
  uart_inst/UART_RX/deser_init/p_data_reg[6]/Q (DFFRQX2M)
                                                          0.47    8410.67 f
  uart_inst/UART_RX/deser_init/p_data[6] (deser)          0.00    8410.67 f
  uart_inst/UART_RX/par_check_init/P_data[6] (par_check)
                                                          0.00    8410.67 f
  uart_inst/UART_RX/par_check_init/U5/Y (XOR3XLM)         0.50    8411.17 f
  uart_inst/UART_RX/par_check_init/U3/Y (XOR3XLM)         0.57    8411.74 f
  uart_inst/UART_RX/par_check_init/U2/Y (NOR2BX4M)        0.70    8412.44 r
  uart_inst/UART_RX/par_check_init/par_err (par_check)
                                                          0.00    8412.44 r
  uart_inst/UART_RX/par_err_t (uart_rx_top)               0.00    8412.44 r
  uart_inst/parity_error (UART)                           0.00    8412.44 r
  parity_error (out)                                      0.00    8412.44 r
  data arrival time                                               8412.44

  clock TX_CLK (rise edge)                             8681.50    8681.50
  clock network delay (ideal)                             0.00    8681.50
  clock uncertainty                                      -0.20    8681.30
  output external delay                                 -54.26    8627.04
  data required time                                              8627.04
  --------------------------------------------------------------------------
  data required time                                              8627.04
  data arrival time                                              -8412.44
  --------------------------------------------------------------------------
  slack (MET)                                                      214.60


  Startpoint: div_tx/counter_reg[0]
              (rising edge-triggered flip-flop clocked by UART_CLK)
  Endpoint: div_tx/counter_reg[7]
            (rising edge-triggered flip-flop clocked by UART_CLK)
  Path Group: UART_CLK
  Path Type: max

  Point                                                   Incr       Path
  --------------------------------------------------------------------------
  clock UART_CLK (rise edge)                              0.00       0.00
  clock network delay (ideal)                             0.00       0.00
  div_tx/counter_reg[0]/CK (DFFSX1M)                      0.00       0.00 r
  div_tx/counter_reg[0]/Q (DFFSX1M)                       0.53       0.53 f
  div_tx/add_52/A[0] (clkdiv_0_DW01_inc_0)                0.00       0.53 f
  div_tx/add_52/U1_1_1/CO (ADDHX1M)                       0.20       0.74 f
  div_tx/add_52/U1_1_2/CO (ADDHX1M)                       0.19       0.93 f
  div_tx/add_52/U1_1_3/CO (ADDHX1M)                       0.19       1.13 f
  div_tx/add_52/U1_1_4/CO (ADDHX1M)                       0.19       1.32 f
  div_tx/add_52/U1_1_5/CO (ADDHX1M)                       0.19       1.51 f
  div_tx/add_52/U1_1_6/CO (ADDHX1M)                       0.20       1.71 f
  div_tx/add_52/U1/Y (CLKXOR2X2M)                         0.18       1.89 r
  div_tx/add_52/SUM[7] (clkdiv_0_DW01_inc_0)              0.00       1.89 r
  div_tx/U5/Y (OAI2BB2X1M)                                0.14       2.03 r
  div_tx/counter_reg[7]/D (DFFRQX2M)                      0.00       2.03 r
  data arrival time                                                  2.03

  clock UART_CLK (rise edge)                            271.30     271.30
  clock network delay (ideal)                             0.00     271.30
  clock uncertainty                                      -0.20     271.10
  div_tx/counter_reg[7]/CK (DFFRQX2M)                     0.00     271.10 r
  library setup time                                     -0.31     270.79
  data required time                                               270.79
  --------------------------------------------------------------------------
  data required time                                               270.79
  data arrival time                                                 -2.03
  --------------------------------------------------------------------------
  slack (MET)                                                      268.76


1
